[2018-07-26 18:06:50,460] multiqc                                            [DEBUG  ]  No MultiQC config found: /home/lanno001/bin/nobackup/MultiQC/multiqc_config.yaml
[2018-07-26 18:06:50,461] multiqc                                            [DEBUG  ]  No MultiQC config found: /home/lanno001/.multiqc_config.yaml
[2018-07-26 18:06:50,461] multiqc                                            [DEBUG  ]  No MultiQC config found: multiqc_config.yaml
[2018-07-26 18:06:50,461] multiqc                                            [DEBUG  ]  Command used: /home/lanno001/.local/bin/multiqc -i Assembler Benchmark report --filename REPORT -o . -f -p --tag assembler_benchmark --template assembler_benchmark /mnt/nexenta/lanno001/nobackup/poreTally_ecoli_20180726_racontest/analysis/summary/ --data-format yaml
[2018-07-26 18:06:50,539] multiqc                                            [DEBUG  ]  Latest MultiQC version is v1.5
[2018-07-26 18:06:50,539] multiqc                                            [INFO   ]  This is MultiQC v1.5.dev0 (8a39dc0)
[2018-07-26 18:06:50,539] multiqc                                            [DEBUG  ]  Command     : /home/lanno001/.local/bin/multiqc -i Assembler Benchmark report --filename REPORT -o . -f -p --tag assembler_benchmark --template assembler_benchmark /mnt/nexenta/lanno001/nobackup/poreTally_ecoli_20180726_racontest/analysis/summary/ --data-format yaml
[2018-07-26 18:06:50,539] multiqc                                            [DEBUG  ]  Working dir : /mnt/nexenta/lanno001/nobackup/poreTally_ecoli_20180726_racontest/analysis/summary
[2018-07-26 18:06:50,539] multiqc                                            [INFO   ]  Template    : assembler_benchmark
[2018-07-26 18:06:50,540] multiqc                                            [INFO   ]  Report title: Assembler Benchmark report
[2018-07-26 18:06:50,540] multiqc                                            [INFO   ]  Searching '/mnt/nexenta/lanno001/nobackup/poreTally_ecoli_20180726_racontest/analysis/summary/'
[2018-07-26 18:06:50,540] multiqc                                            [INFO   ]  Only using modules with 'assembler_benchmark' tag
[2018-07-26 18:06:50,541] multiqc                                            [DEBUG  ]  Analysing modules: ab_methods_section, ab_read_quality, quast, jellyfish, mummerplot, ab_cpu_times
[2018-07-26 18:06:50,541] multiqc                                            [DEBUG  ]  Using temporary directory for creating report: /tmp/tmpooxd8zgy
[2018-07-26 18:06:50,553] multiqc                                            [DEBUG  ]  Ignored search patterns as didn't match running modules: deeptools/plotCoverageOutRawCounts, leehom, samtools/stats, slamdunk/tcperutrpos, qorts, bbmap/rpkm, gatk/base_recalibrator, kallisto, picard/alignment_metrics, bbmap/covstats, samtools/rmdup, bcl2fastq, hicup, rseqc/read_gc, bbmap/bhist, bbmap/mhist, bbmap/indelhist, verifybamid/selfsm, rseqc/inner_distance, quast_synteny, prokka, picard/insertsize, slamdunk/rates, peddy/het_check, trimmomatic, deeptools/bamPEFragmentSize, picard/rrbs_metrics, salmon/fld, slamdunk/utrrates, clusterflow/logs, peddy/sex_check, slamdunk/tcperreadpos, vcftools/relatedness2, picard/wgs_metrics, tophat, preseq, picard/basedistributionbycycle, qualimap/bamqc/insert_size, preseq/real_counts, conpair/concordance, rseqc/junction_saturation, bbmap/qhist, bowtie2, bismark/meth_extract, picard/markdups, supernova/kmers, bismark/m_bias, qualimap/bamqc/genome_fraction, rseqc/gene_body_coverage, bbmap/statsfile_machine, bbmap/idhist, rseqc/read_distribution, bbmap/bqhist, vcftools/tstv_by_qual, homer/GCcontent, supernova/report, deeptools/plotCoverageStdout, sortmerna, clusterflow/runfiles, custom_content, conpair/contamination, adapterRemoval, bismark/dedup, bbmap/ihist, rsem, bbmap/aqhist, samtools/idxstats, supernova/molecules, interop/summary, homer/tagInfo, bowtie1, bcftools/stats, star, slamdunk/summary, hicexplorer, samblaster, methylQA, qualimap/rnaseq/coverage, rseqc/infer_experiment, featurecounts, gatk/varianteval, rseqc/bam_stat, rna_seqc/coverage, homer/RestrictionDistribution, bismark/bam2nuc, supernova/summary, peddy/ped_check, picard/gcbias, snpeff, bbmap/bincov, deeptools/plotEnrichment, vcftools/tstv_by_count, deeptools/plotFingerprintOutRawCounts, flexbar, rseqc/read_duplication_pos, bbmap/qahist, sargasso, fastqc/data, peddy/summary_table, bbmap/covhist, bamtools/stats, bbmap/gchist, star/genecounts, rseqc/junction_annotation, fastqc/theoretical_gc, homer/LengthDistribution, qualimap/bamqc/genome_results, disambiguate, bbmap/ehist, goleft_indexcov/ped, bbmap/lhist, homer/FreqDistribution, qualimap/rnaseq/rnaseq_results, theta2, slamdunk/PCA, biobloomtools, qualimap/bamqc/gc_dist, interop/index-summary, qualimap/bamqc/coverage, homer/genomeGCcontent, picard/pcr_metrics, cutadapt, homer/findpeaks, afterqc, htseq, samtools/flagstat, salmon/meta, busco, picard/oxogmetrics, macs2, rna_seqc/correlation, rna_seqc/metrics, picard/rnaseqmetrics, deeptools/estimateReadFiltering, fastqc/zip, bbmap/statsfile, picard/hsmetrics, vcftools/tstv_summary, deeptools/plotFingerprintOutQualityMetrics, hisat2, bismark/align, goleft_indexcov/roc, skewer, fastq_screen
[2018-07-26 18:06:50,836] multiqc.modules.ab_read_quality.ab_read_quality    [INFO   ]  found nanostats file
[2018-07-26 18:06:51,456] multiqc.modules.quast.quast                        [INFO   ]  Found 3 reports
[2018-07-26 18:06:53,234] multiqc.modules.jellyfish.jellyfish                [INFO   ]  Found 0 histogram files
[2018-07-26 18:06:53,234] multiqc.modules.jellyfish.jellyfish                [INFO   ]  Found 4 count (dump) files
[2018-07-26 18:06:54,221] multiqc                                            [DEBUG  ]  No samples found: mummerplot
[2018-07-26 18:06:54,230] multiqc.modules.ab_cpu_times.ab_cpu_times          [INFO   ]  found CPU resource files
[2018-07-26 18:06:54,249] multiqc                                            [INFO   ]  Compressing plot data
[2018-07-26 18:06:54,705] multiqc                                            [INFO   ]  Report      : multiqc_report/REPORT.html
[2018-07-26 18:06:54,705] multiqc                                            [INFO   ]  Data        : multiqc_report/REPORT_data
[2018-07-26 18:06:54,706] multiqc                                            [DEBUG  ]  Moving data file from '/tmp/tmpooxd8zgy/multiqc_data/ab_methods.yaml' to './multiqc_report/REPORT_data'
[2018-07-26 18:06:54,709] multiqc                                            [DEBUG  ]  Moving data file from '/tmp/tmpooxd8zgy/multiqc_data/multiqc_data.json' to './multiqc_report/REPORT_data'
[2018-07-26 18:06:54,723] multiqc                                            [DEBUG  ]  Moving data file from '/tmp/tmpooxd8zgy/multiqc_data/multiqc_general_stats.yaml' to './multiqc_report/REPORT_data'
[2018-07-26 18:06:54,725] multiqc                                            [DEBUG  ]  Moving data file from '/tmp/tmpooxd8zgy/multiqc_data/mqc_quast_num_contigs_1.yaml' to './multiqc_report/REPORT_data'
[2018-07-26 18:06:54,728] multiqc                                            [DEBUG  ]  Moving data file from '/tmp/tmpooxd8zgy/multiqc_data/multiqc_readqual_summary.yaml' to './multiqc_report/REPORT_data'
[2018-07-26 18:06:54,730] multiqc                                            [DEBUG  ]  Moving data file from '/tmp/tmpooxd8zgy/multiqc_data/multiqc_sources.yaml' to './multiqc_report/REPORT_data'
[2018-07-26 18:06:54,732] multiqc                                            [DEBUG  ]  Moving data file from '/tmp/tmpooxd8zgy/multiqc_data/multiqc_quast.yaml' to './multiqc_report/REPORT_data'
[2018-07-26 18:06:54,735] multiqc                                            [INFO   ]  Plots       : multiqc_report/multiqc_plots
[2018-07-26 18:06:54,735] multiqc                                            [DEBUG  ]  Moving plots directory from '/tmp/tmpooxd8zgy/multiqc_plots/svg' to './multiqc_report/multiqc_plots'
[2018-07-26 18:06:54,742] multiqc                                            [DEBUG  ]  Moving plots directory from '/tmp/tmpooxd8zgy/multiqc_plots/pdf' to './multiqc_report/multiqc_plots'
[2018-07-26 18:06:54,748] multiqc                                            [DEBUG  ]  Moving plots directory from '/tmp/tmpooxd8zgy/multiqc_plots/png' to './multiqc_report/multiqc_plots'
[2018-07-26 18:06:54,986] multiqc                                            [INFO   ]  MultiQC complete
